290  [main] INFO  c.e.p.Practice19Application
                – Starting Practice19Application using Java 21.0.2 with PID 15315 (/Users/roflandown/IdeaProjects/java_practice/src/practice19/build/classes/java/main started by roflandown in /Users/roflandown/IdeaProjects/java_practice)
291  [main] INFO  c.e.p.Practice19Application
                – No active profile set, falling back to 1 default profile: "default"
570  [main] INFO  o.s.d.r.c.RepositoryConfigurationDelegate
                – Bootstrapping Spring Data JPA repositories in DEFAULT mode.
603  [main] INFO  o.s.d.r.c.RepositoryConfigurationDelegate
                – Finished Spring Data repository scanning in 28 ms. Found 2 JPA repository interfaces.
822  [main] INFO  o.s.b.w.e.tomcat.TomcatWebServer
                – Tomcat initialized with port 8080 (http)
827  [main] INFO  o.a.coyote.http11.Http11NioProtocol
                – Initializing ProtocolHandler ["http-nio-8080"]
828  [main] INFO  o.a.catalina.core.StandardService
                – Starting service [Tomcat]
828  [main] INFO  o.a.catalina.core.StandardEngine
                – Starting Servlet engine: [Apache Tomcat/10.1.19]
850  [main] INFO  o.a.c.c.C.[Tomcat].[localhost].[/]
                – Initializing Spring embedded WebApplicationContext
850  [main] INFO  o.s.b.w.s.c.ServletWebServerApplicationContext
                – Root WebApplicationContext: initialization completed in 537 ms
920  [main] INFO  o.h.jpa.internal.util.LogHelper
                – HHH000204: Processing PersistenceUnitInfo [name: default]
948  [main] INFO  org.hibernate.Version
                – HHH000412: Hibernate ORM core version 6.4.4.Final
963  [main] INFO  o.h.c.i.RegionFactoryInitiator
                – HHH000026: Second-level cache disabled
1084 [main] INFO  o.s.o.j.p.SpringPersistenceUnitInfo
                – No LoadTimeWeaver setup: ignoring JPA class transformer
1099 [main] INFO  com.zaxxer.hikari.HikariDataSource
                – HikariPool-1 - Starting...
1166 [main] INFO  com.zaxxer.hikari.pool.HikariPool
                – HikariPool-1 - Added connection org.postgresql.jdbc.PgConnection@5c33008f
1167 [main] INFO  com.zaxxer.hikari.HikariDataSource
                – HikariPool-1 - Start completed.
1183 [main] WARN  org.hibernate.orm.deprecation
                – HHH90000025: PostgreSQLDialect does not need to be specified explicitly using 'hibernate.dialect' (remove the property setting and it will be selected by default)
1630 [main] INFO  o.h.e.t.j.p.i.JtaPlatformInitiator
                – HHH000489: No JTA platform available (set 'hibernate.transaction.jta.platform' to enable JTA platform integration)
1656 [main] INFO  o.s.o.j.LocalContainerEntityManagerFactoryBean
                – Initialized JPA EntityManagerFactory for persistence unit 'default'
1777 [main] WARN  o.s.b.a.o.j.JpaBaseConfiguration$JpaWebConfiguration
                – spring.jpa.open-in-view is enabled by default. Therefore, database queries may be performed during view rendering. Explicitly configure spring.jpa.open-in-view to disable this warning
1937 [main] INFO  o.a.coyote.http11.Http11NioProtocol
                – Starting ProtocolHandler ["http-nio-8080"]
1945 [main] INFO  o.s.b.w.e.tomcat.TomcatWebServer
                – Tomcat started on port 8080 (http) with context path ''
1950 [main] INFO  c.e.p.Practice19Application
                – Started Practice19Application in 1.816 seconds (process running for 2.167)
7898 [http-nio-8080-exec-2] INFO  o.a.c.c.C.[Tomcat].[localhost].[/]
                – Initializing Spring DispatcherServlet 'dispatcherServlet'
7898 [http-nio-8080-exec-2] INFO  o.s.web.servlet.DispatcherServlet
                – Initializing Servlet 'dispatcherServlet'
7899 [http-nio-8080-exec-2] INFO  o.s.web.servlet.DispatcherServlet
                – Completed initialization in 1 ms
7925 [http-nio-8080-exec-2] INFO  c.e.p.Service.ManufactureService
                – get manufactures by filter
20542 [http-nio-8080-exec-3] INFO  c.e.p.Service.ManufactureService
                – get manufactures by filter
25564 [SpringApplicationShutdownHook] INFO  o.s.o.j.LocalContainerEntityManagerFactoryBean
                – Closing JPA EntityManagerFactory for persistence unit 'default'
25565 [SpringApplicationShutdownHook] INFO  com.zaxxer.hikari.HikariDataSource
                – HikariPool-1 - Shutdown initiated...
25567 [SpringApplicationShutdownHook] INFO  com.zaxxer.hikari.HikariDataSource
                – HikariPool-1 - Shutdown completed.
265  [main] INFO  c.e.p.Practice20Application
                – Starting Practice20Application using Java 21.0.2 with PID 25846 (/Users/roflandown/IdeaProjects/java_practice/src/practice20/build/classes/java/main started by roflandown in /Users/roflandown/IdeaProjects/java_practice)
266  [main] INFO  c.e.p.Practice20Application
                – No active profile set, falling back to 1 default profile: "default"
528  [main] INFO  o.s.d.r.c.RepositoryConfigurationDelegate
                – Bootstrapping Spring Data JPA repositories in DEFAULT mode.
555  [main] INFO  o.s.d.r.c.RepositoryConfigurationDelegate
                – Finished Spring Data repository scanning in 23 ms. Found 2 JPA repository interfaces.
832  [main] INFO  o.s.b.w.e.tomcat.TomcatWebServer
                – Tomcat initialized with port 8080 (http)
838  [main] INFO  o.a.coyote.http11.Http11NioProtocol
                – Initializing ProtocolHandler ["http-nio-8080"]
839  [main] INFO  o.a.catalina.core.StandardService
                – Starting service [Tomcat]
839  [main] INFO  o.a.catalina.core.StandardEngine
                – Starting Servlet engine: [Apache Tomcat/10.1.19]
860  [main] INFO  o.a.c.c.C.[Tomcat].[localhost].[/]
                – Initializing Spring embedded WebApplicationContext
860  [main] INFO  o.s.b.w.s.c.ServletWebServerApplicationContext
                – Root WebApplicationContext: initialization completed in 578 ms
938  [main] INFO  o.h.jpa.internal.util.LogHelper
                – HHH000204: Processing PersistenceUnitInfo [name: default]
962  [main] INFO  org.hibernate.Version
                – HHH000412: Hibernate ORM core version 6.4.4.Final
988  [main] INFO  o.h.c.i.RegionFactoryInitiator
                – HHH000026: Second-level cache disabled
1109 [main] INFO  o.s.o.j.p.SpringPersistenceUnitInfo
                – No LoadTimeWeaver setup: ignoring JPA class transformer
1122 [main] INFO  com.zaxxer.hikari.HikariDataSource
                – HikariPool-1 - Starting...
1194 [main] INFO  com.zaxxer.hikari.pool.HikariPool
                – HikariPool-1 - Added connection org.postgresql.jdbc.PgConnection@6e517c9e
1194 [main] INFO  com.zaxxer.hikari.HikariDataSource
                – HikariPool-1 - Start completed.
1208 [main] WARN  org.hibernate.orm.deprecation
                – HHH90000025: PostgreSQLDialect does not need to be specified explicitly using 'hibernate.dialect' (remove the property setting and it will be selected by default)
1624 [main] INFO  o.h.e.t.j.p.i.JtaPlatformInitiator
                – HHH000489: No JTA platform available (set 'hibernate.transaction.jta.platform' to enable JTA platform integration)
1660 [main] INFO  o.s.o.j.LocalContainerEntityManagerFactoryBean
                – Initialized JPA EntityManagerFactory for persistence unit 'default'
1845 [main] WARN  o.s.b.a.o.j.JpaBaseConfiguration$JpaWebConfiguration
                – spring.jpa.open-in-view is enabled by default. Therefore, database queries may be performed during view rendering. Explicitly configure spring.jpa.open-in-view to disable this warning
2094 [main] INFO  o.a.coyote.http11.Http11NioProtocol
                – Starting ProtocolHandler ["http-nio-8080"]
2103 [main] INFO  o.s.b.w.e.tomcat.TomcatWebServer
                – Tomcat started on port 8080 (http) with context path ''
2108 [main] INFO  c.e.p.Practice20Application
                – Started Practice20Application in 1.977 seconds (process running for 2.309)
3489 [http-nio-8080-exec-2] INFO  o.a.c.c.C.[Tomcat].[localhost].[/]
                – Initializing Spring DispatcherServlet 'dispatcherServlet'
3489 [http-nio-8080-exec-2] INFO  o.s.web.servlet.DispatcherServlet
                – Initializing Servlet 'dispatcherServlet'
3490 [http-nio-8080-exec-2] INFO  o.s.web.servlet.DispatcherServlet
                – Completed initialization in 0 ms
3545 [http-nio-8080-exec-2] INFO  c.e.p.Service.ManufactureService
                – get manufacture by id
3552 [http-nio-8080-exec-2] INFO  c.e.p.Aspects.TimeExecutionAspect
                – ManufactureDTO com.example.practice20.Service.ManufactureService.getManufacture(Long) executed in 42 ms
34950 [SpringApplicationShutdownHook] INFO  o.s.o.j.LocalContainerEntityManagerFactoryBean
                – Closing JPA EntityManagerFactory for persistence unit 'default'
34952 [SpringApplicationShutdownHook] INFO  com.zaxxer.hikari.HikariDataSource
                – HikariPool-1 - Shutdown initiated...
34953 [SpringApplicationShutdownHook] INFO  com.zaxxer.hikari.HikariDataSource
                – HikariPool-1 - Shutdown completed.
